state 0 //

    0 $accept: . INICIO

    exec     shift, and goto state 5
    fdisk    shift, and goto state 8
    mkdisk   shift, and goto state 6
    mount    shift, and goto state 9
    pause    shift, and goto state 4
    rmdisk   shift, and goto state 7
    unmount  shift, and goto state 10

    INICIO             goto state 1
    INSTRUCCION        goto state 3
    LISTA_INSTRUCCION  goto state 2

state 1 // pause '\n' [$end]

    0 $accept: INICIO .  [$end]

    $end  accept

state 2 // pause '\n' [$end]

    1 INICIO: LISTA_INSTRUCCION .  [$end]
    2 LISTA_INSTRUCCION: LISTA_INSTRUCCION . INSTRUCCION '\n'

    $end     reduce using rule 1 (INICIO)
    exec     shift, and goto state 5
    fdisk    shift, and goto state 8
    mkdisk   shift, and goto state 6
    mount    shift, and goto state 9
    pause    shift, and goto state 4
    rmdisk   shift, and goto state 7
    unmount  shift, and goto state 10

    INSTRUCCION  goto state 97

state 3 // pause ['\n']

    3 LISTA_INSTRUCCION: INSTRUCCION . '\n'

    '\n'  shift, and goto state 96

state 4 // pause

    4 INSTRUCCION: pause .  ['\n']

    '\n'  reduce using rule 4 (INSTRUCCION)

state 5 // exec

    5 INSTRUCCION: exec . PARAMETRO_PATH

    guion  shift, and goto state 84

    PARAMETRO_PATH  goto state 95

state 6 // mkdisk

    6 INSTRUCCION: mkdisk . LST_MKDIS

    guion  shift, and goto state 90

    LST_MKDIS       goto state 85
    PARAMETRO_NAME  goto state 88
    PARAMETRO_PATH  goto state 87
    PARAMETRO_SIZE  goto state 86
    PARAMETRO_UNIT  goto state 89

state 7 // rmdisk

    7 INSTRUCCION: rmdisk . PARAMETRO_PATH

    guion  shift, and goto state 84

    PARAMETRO_PATH  goto state 83

state 8 // fdisk

    8 INSTRUCCION: fdisk . LST_FDISK

    guion  shift, and goto state 46

    LST_FDISK         goto state 37
    PARAMETRO_ADD     goto state 45
    PARAMETRO_DELETE  goto state 43
    PARAMETRO_FIT     goto state 42
    PARAMETRO_NAME    goto state 44
    PARAMETRO_PATH    goto state 40
    PARAMETRO_SIZE    goto state 38
    PARAMETRO_TYPE    goto state 41
    PARAMETRO_UNIT    goto state 39

state 9 // mount

    9 INSTRUCCION: mount . LST_MOUNT

    guion  shift, and goto state 23

    LST_MOUNT       goto state 20
    PARAMETRO_NAME  goto state 22
    PARAMETRO_PATH  goto state 21

state 10 // unmount

   10 INSTRUCCION: unmount . PARAMETRO_IDN

    guion  shift, and goto state 12

    PARAMETRO_IDN  goto state 11

state 11 // unmount guion idn asignacion id ['\n']

   10 INSTRUCCION: unmount PARAMETRO_IDN .  ['\n']
   62 PARAMETRO_IDN: PARAMETRO_IDN . guion idn asignacion id

    '\n'   reduce using rule 10 (INSTRUCCION)
    guion  shift, and goto state 16

state 12 // unmount guion

   63 PARAMETRO_IDN: guion . idn asignacion id

    idn  shift, and goto state 13

state 13 // unmount guion idn

   63 PARAMETRO_IDN: guion idn . asignacion id

    asignacion  shift, and goto state 14

state 14 // unmount guion idn asignacion

   63 PARAMETRO_IDN: guion idn asignacion . id

    id  shift, and goto state 15

state 15 // unmount guion idn asignacion id

   63 PARAMETRO_IDN: guion idn asignacion id .  ['\n', guion]

    '\n'   reduce using rule 63 (PARAMETRO_IDN)
    guion  reduce using rule 63 (PARAMETRO_IDN)

state 16 // unmount guion idn asignacion id guion

   62 PARAMETRO_IDN: PARAMETRO_IDN guion . idn asignacion id

    idn  shift, and goto state 17

state 17 // unmount guion idn asignacion id guion idn

   62 PARAMETRO_IDN: PARAMETRO_IDN guion idn . asignacion id

    asignacion  shift, and goto state 18

state 18 // unmount guion idn asignacion id guion idn asignacion

   62 PARAMETRO_IDN: PARAMETRO_IDN guion idn asignacion . id

    id  shift, and goto state 19

state 19 // unmount guion idn asignacion id guion idn asignacion id

   62 PARAMETRO_IDN: PARAMETRO_IDN guion idn asignacion id .  ['\n', guion]

    '\n'   reduce using rule 62 (PARAMETRO_IDN)
    guion  reduce using rule 62 (PARAMETRO_IDN)

state 20 // mount guion name asignacion archivo ['\n']

    9 INSTRUCCION: mount LST_MOUNT .  ['\n']
   11 LST_MOUNT: LST_MOUNT . PARAMETRO_PATH
   12 LST_MOUNT: LST_MOUNT . PARAMETRO_NAME

    '\n'   reduce using rule 9 (INSTRUCCION)
    guion  shift, and goto state 23

    PARAMETRO_NAME  goto state 36
    PARAMETRO_PATH  goto state 35

state 21 // mount guion path asignacion rutaCompleja ['\n']

   13 LST_MOUNT: PARAMETRO_PATH .  ['\n', guion]

    '\n'   reduce using rule 13 (LST_MOUNT)
    guion  reduce using rule 13 (LST_MOUNT)

state 22 // mount guion name asignacion archivo ['\n']

   14 LST_MOUNT: PARAMETRO_NAME .  ['\n', guion]

    '\n'   reduce using rule 14 (LST_MOUNT)
    guion  reduce using rule 14 (LST_MOUNT)

state 23 // mount guion

   39 PARAMETRO_PATH: guion . path asignacion VALOR_PATH
   43 PARAMETRO_NAME: guion . name asignacion VALOR_NAME

    name  shift, and goto state 25
    path  shift, and goto state 24

state 24 // mount guion path

   39 PARAMETRO_PATH: guion path . asignacion VALOR_PATH

    asignacion  shift, and goto state 31

state 25 // mount guion name

   43 PARAMETRO_NAME: guion name . asignacion VALOR_NAME

    asignacion  shift, and goto state 26

state 26 // mount guion name asignacion

   43 PARAMETRO_NAME: guion name asignacion . VALOR_NAME

    archivo       shift, and goto state 28
    id            shift, and goto state 29
    rutaCompleja  shift, and goto state 30

    VALOR_NAME  goto state 27

state 27 // mount guion name asignacion archivo ['\n']

   43 PARAMETRO_NAME: guion name asignacion VALOR_NAME .  ['\n', guion]

    '\n'   reduce using rule 43 (PARAMETRO_NAME)
    guion  reduce using rule 43 (PARAMETRO_NAME)

state 28 // mount guion name asignacion archivo

   44 VALOR_NAME: archivo .  ['\n', guion]

    '\n'   reduce using rule 44 (VALOR_NAME)
    guion  reduce using rule 44 (VALOR_NAME)

state 29 // mount guion name asignacion id

   45 VALOR_NAME: id .  ['\n', guion]

    '\n'   reduce using rule 45 (VALOR_NAME)
    guion  reduce using rule 45 (VALOR_NAME)

state 30 // mount guion name asignacion rutaCompleja

   46 VALOR_NAME: rutaCompleja .  ['\n', guion]

    '\n'   reduce using rule 46 (VALOR_NAME)
    guion  reduce using rule 46 (VALOR_NAME)

state 31 // mount guion path asignacion

   39 PARAMETRO_PATH: guion path asignacion . VALOR_PATH

    rutaCompleja  shift, and goto state 34
    rutaSimple    shift, and goto state 33

    VALOR_PATH  goto state 32

state 32 // mount guion path asignacion rutaCompleja ['\n']

   39 PARAMETRO_PATH: guion path asignacion VALOR_PATH .  ['\n', guion]

    '\n'   reduce using rule 39 (PARAMETRO_PATH)
    guion  reduce using rule 39 (PARAMETRO_PATH)

state 33 // mount guion path asignacion rutaSimple

   40 VALOR_PATH: rutaSimple .  ['\n', guion]

    '\n'   reduce using rule 40 (VALOR_PATH)
    guion  reduce using rule 40 (VALOR_PATH)

state 34 // mount guion path asignacion rutaCompleja

   41 VALOR_PATH: rutaCompleja .  ['\n', guion]

    '\n'   reduce using rule 41 (VALOR_PATH)
    guion  reduce using rule 41 (VALOR_PATH)

state 35 // mount guion name asignacion archivo guion path asignacion rutaCompleja ['\n']

   11 LST_MOUNT: LST_MOUNT PARAMETRO_PATH .  ['\n', guion]

    '\n'   reduce using rule 11 (LST_MOUNT)
    guion  reduce using rule 11 (LST_MOUNT)

state 36 // mount guion name asignacion archivo guion name asignacion archivo ['\n']

   12 LST_MOUNT: LST_MOUNT PARAMETRO_NAME .  ['\n', guion]

    '\n'   reduce using rule 12 (LST_MOUNT)
    guion  reduce using rule 12 (LST_MOUNT)

state 37 // fdisk guion add asignacion numero ['\n']

    8 INSTRUCCION: fdisk LST_FDISK .  ['\n']
   15 LST_FDISK: LST_FDISK . PARAMETRO_SIZE
   16 LST_FDISK: LST_FDISK . PARAMETRO_UNIT
   17 LST_FDISK: LST_FDISK . PARAMETRO_PATH
   18 LST_FDISK: LST_FDISK . PARAMETRO_TYPE
   19 LST_FDISK: LST_FDISK . PARAMETRO_FIT
   20 LST_FDISK: LST_FDISK . PARAMETRO_DELETE
   21 LST_FDISK: LST_FDISK . PARAMETRO_NAME
   22 LST_FDISK: LST_FDISK . PARAMETRO_ADD

    '\n'   reduce using rule 8 (INSTRUCCION)
    guion  shift, and goto state 46

    PARAMETRO_ADD     goto state 82
    PARAMETRO_DELETE  goto state 80
    PARAMETRO_FIT     goto state 79
    PARAMETRO_NAME    goto state 81
    PARAMETRO_PATH    goto state 77
    PARAMETRO_SIZE    goto state 75
    PARAMETRO_TYPE    goto state 78
    PARAMETRO_UNIT    goto state 76

state 38 // fdisk guion size asignacion numero ['\n']

   23 LST_FDISK: PARAMETRO_SIZE .  ['\n', guion]

    '\n'   reduce using rule 23 (LST_FDISK)
    guion  reduce using rule 23 (LST_FDISK)

state 39 // fdisk guion unit asignacion k ['\n']

   24 LST_FDISK: PARAMETRO_UNIT .  ['\n', guion]

    '\n'   reduce using rule 24 (LST_FDISK)
    guion  reduce using rule 24 (LST_FDISK)

state 40 // fdisk guion path asignacion rutaCompleja ['\n']

   25 LST_FDISK: PARAMETRO_PATH .  ['\n', guion]

    '\n'   reduce using rule 25 (LST_FDISK)
    guion  reduce using rule 25 (LST_FDISK)

state 41 // fdisk guion rtype asignacion e ['\n']

   26 LST_FDISK: PARAMETRO_TYPE .  ['\n', guion]

    '\n'   reduce using rule 26 (LST_FDISK)
    guion  reduce using rule 26 (LST_FDISK)

state 42 // fdisk guion fit asignacion bf ['\n']

   27 LST_FDISK: PARAMETRO_FIT .  ['\n', guion]

    '\n'   reduce using rule 27 (LST_FDISK)
    guion  reduce using rule 27 (LST_FDISK)

state 43 // fdisk guion delete asignacion fast ['\n']

   28 LST_FDISK: PARAMETRO_DELETE .  ['\n', guion]

    '\n'   reduce using rule 28 (LST_FDISK)
    guion  reduce using rule 28 (LST_FDISK)

state 44 // fdisk guion name asignacion archivo ['\n']

   29 LST_FDISK: PARAMETRO_NAME .  ['\n', guion]

    '\n'   reduce using rule 29 (LST_FDISK)
    guion  reduce using rule 29 (LST_FDISK)

state 45 // fdisk guion add asignacion numero ['\n']

   30 LST_FDISK: PARAMETRO_ADD .  ['\n', guion]

    '\n'   reduce using rule 30 (LST_FDISK)
    guion  reduce using rule 30 (LST_FDISK)

state 46 // fdisk guion

   39 PARAMETRO_PATH: guion . path asignacion VALOR_PATH
   42 PARAMETRO_SIZE: guion . size asignacion numero
   43 PARAMETRO_NAME: guion . name asignacion VALOR_NAME
   47 PARAMETRO_UNIT: guion . unit asignacion VALOR_UNIT
   50 PARAMETRO_TYPE: guion . rtype asignacion VALOR_TYPE
   54 PARAMETRO_FIT: guion . fit asignacion VALOR_FIT
   58 PARAMETRO_DELETE: guion . delete asignacion VALOR_DELETE
   61 PARAMETRO_ADD: guion . add asignacion numero

    add     shift, and goto state 52
    delete  shift, and goto state 51
    fit     shift, and goto state 50
    name    shift, and goto state 25
    path    shift, and goto state 24
    rtype   shift, and goto state 49
    size    shift, and goto state 47
    unit    shift, and goto state 48

state 47 // fdisk guion size

   42 PARAMETRO_SIZE: guion size . asignacion numero

    asignacion  shift, and goto state 73

state 48 // fdisk guion unit

   47 PARAMETRO_UNIT: guion unit . asignacion VALOR_UNIT

    asignacion  shift, and goto state 69

state 49 // fdisk guion rtype

   50 PARAMETRO_TYPE: guion rtype . asignacion VALOR_TYPE

    asignacion  shift, and goto state 64

state 50 // fdisk guion fit

   54 PARAMETRO_FIT: guion fit . asignacion VALOR_FIT

    asignacion  shift, and goto state 59

state 51 // fdisk guion delete

   58 PARAMETRO_DELETE: guion delete . asignacion VALOR_DELETE

    asignacion  shift, and goto state 55

state 52 // fdisk guion add

   61 PARAMETRO_ADD: guion add . asignacion numero

    asignacion  shift, and goto state 53

state 53 // fdisk guion add asignacion

   61 PARAMETRO_ADD: guion add asignacion . numero

    numero  shift, and goto state 54

state 54 // fdisk guion add asignacion numero

   61 PARAMETRO_ADD: guion add asignacion numero .  ['\n', guion]

    '\n'   reduce using rule 61 (PARAMETRO_ADD)
    guion  reduce using rule 61 (PARAMETRO_ADD)

state 55 // fdisk guion delete asignacion

   58 PARAMETRO_DELETE: guion delete asignacion . VALOR_DELETE

    fast  shift, and goto state 58
    full  shift, and goto state 57

    VALOR_DELETE  goto state 56

state 56 // fdisk guion delete asignacion fast ['\n']

   58 PARAMETRO_DELETE: guion delete asignacion VALOR_DELETE .  ['\n', guion]

    '\n'   reduce using rule 58 (PARAMETRO_DELETE)
    guion  reduce using rule 58 (PARAMETRO_DELETE)

state 57 // fdisk guion delete asignacion full

   59 VALOR_DELETE: full .  ['\n', guion]

    '\n'   reduce using rule 59 (VALOR_DELETE)
    guion  reduce using rule 59 (VALOR_DELETE)

state 58 // fdisk guion delete asignacion fast

   60 VALOR_DELETE: fast .  ['\n', guion]

    '\n'   reduce using rule 60 (VALOR_DELETE)
    guion  reduce using rule 60 (VALOR_DELETE)

state 59 // fdisk guion fit asignacion

   54 PARAMETRO_FIT: guion fit asignacion . VALOR_FIT

    bf  shift, and goto state 61
    ff  shift, and goto state 62
    wf  shift, and goto state 63

    VALOR_FIT  goto state 60

state 60 // fdisk guion fit asignacion bf ['\n']

   54 PARAMETRO_FIT: guion fit asignacion VALOR_FIT .  ['\n', guion]

    '\n'   reduce using rule 54 (PARAMETRO_FIT)
    guion  reduce using rule 54 (PARAMETRO_FIT)

state 61 // fdisk guion fit asignacion bf

   55 VALOR_FIT: bf .  ['\n', guion]

    '\n'   reduce using rule 55 (VALOR_FIT)
    guion  reduce using rule 55 (VALOR_FIT)

state 62 // fdisk guion fit asignacion ff

   56 VALOR_FIT: ff .  ['\n', guion]

    '\n'   reduce using rule 56 (VALOR_FIT)
    guion  reduce using rule 56 (VALOR_FIT)

state 63 // fdisk guion fit asignacion wf

   57 VALOR_FIT: wf .  ['\n', guion]

    '\n'   reduce using rule 57 (VALOR_FIT)
    guion  reduce using rule 57 (VALOR_FIT)

state 64 // fdisk guion rtype asignacion

   50 PARAMETRO_TYPE: guion rtype asignacion . VALOR_TYPE

    e  shift, and goto state 67
    l  shift, and goto state 68
    p  shift, and goto state 66

    VALOR_TYPE  goto state 65

state 65 // fdisk guion rtype asignacion e ['\n']

   50 PARAMETRO_TYPE: guion rtype asignacion VALOR_TYPE .  ['\n', guion]

    '\n'   reduce using rule 50 (PARAMETRO_TYPE)
    guion  reduce using rule 50 (PARAMETRO_TYPE)

state 66 // fdisk guion rtype asignacion p

   51 VALOR_TYPE: p .  ['\n', guion]

    '\n'   reduce using rule 51 (VALOR_TYPE)
    guion  reduce using rule 51 (VALOR_TYPE)

state 67 // fdisk guion rtype asignacion e

   52 VALOR_TYPE: e .  ['\n', guion]

    '\n'   reduce using rule 52 (VALOR_TYPE)
    guion  reduce using rule 52 (VALOR_TYPE)

state 68 // fdisk guion rtype asignacion l

   53 VALOR_TYPE: l .  ['\n', guion]

    '\n'   reduce using rule 53 (VALOR_TYPE)
    guion  reduce using rule 53 (VALOR_TYPE)

state 69 // fdisk guion unit asignacion

   47 PARAMETRO_UNIT: guion unit asignacion . VALOR_UNIT

    k  shift, and goto state 71
    m  shift, and goto state 72

    VALOR_UNIT  goto state 70

state 70 // fdisk guion unit asignacion k ['\n']

   47 PARAMETRO_UNIT: guion unit asignacion VALOR_UNIT .  ['\n', guion]

    '\n'   reduce using rule 47 (PARAMETRO_UNIT)
    guion  reduce using rule 47 (PARAMETRO_UNIT)

state 71 // fdisk guion unit asignacion k

   48 VALOR_UNIT: k .  ['\n', guion]

    '\n'   reduce using rule 48 (VALOR_UNIT)
    guion  reduce using rule 48 (VALOR_UNIT)

state 72 // fdisk guion unit asignacion m

   49 VALOR_UNIT: m .  ['\n', guion]

    '\n'   reduce using rule 49 (VALOR_UNIT)
    guion  reduce using rule 49 (VALOR_UNIT)

state 73 // fdisk guion size asignacion

   42 PARAMETRO_SIZE: guion size asignacion . numero

    numero  shift, and goto state 74

state 74 // fdisk guion size asignacion numero

   42 PARAMETRO_SIZE: guion size asignacion numero .  ['\n', guion]

    '\n'   reduce using rule 42 (PARAMETRO_SIZE)
    guion  reduce using rule 42 (PARAMETRO_SIZE)

state 75 // fdisk guion add asignacion numero guion size asignacion numero ['\n']

   15 LST_FDISK: LST_FDISK PARAMETRO_SIZE .  ['\n', guion]

    '\n'   reduce using rule 15 (LST_FDISK)
    guion  reduce using rule 15 (LST_FDISK)

state 76 // fdisk guion add asignacion numero guion unit asignacion k ['\n']

   16 LST_FDISK: LST_FDISK PARAMETRO_UNIT .  ['\n', guion]

    '\n'   reduce using rule 16 (LST_FDISK)
    guion  reduce using rule 16 (LST_FDISK)

state 77 // fdisk guion add asignacion numero guion path asignacion rutaCompleja ['\n']

   17 LST_FDISK: LST_FDISK PARAMETRO_PATH .  ['\n', guion]

    '\n'   reduce using rule 17 (LST_FDISK)
    guion  reduce using rule 17 (LST_FDISK)

state 78 // fdisk guion add asignacion numero guion rtype asignacion e ['\n']

   18 LST_FDISK: LST_FDISK PARAMETRO_TYPE .  ['\n', guion]

    '\n'   reduce using rule 18 (LST_FDISK)
    guion  reduce using rule 18 (LST_FDISK)

state 79 // fdisk guion add asignacion numero guion fit asignacion bf ['\n']

   19 LST_FDISK: LST_FDISK PARAMETRO_FIT .  ['\n', guion]

    '\n'   reduce using rule 19 (LST_FDISK)
    guion  reduce using rule 19 (LST_FDISK)

state 80 // fdisk guion add asignacion numero guion delete asignacion fast ['\n']

   20 LST_FDISK: LST_FDISK PARAMETRO_DELETE .  ['\n', guion]

    '\n'   reduce using rule 20 (LST_FDISK)
    guion  reduce using rule 20 (LST_FDISK)

state 81 // fdisk guion add asignacion numero guion name asignacion archivo ['\n']

   21 LST_FDISK: LST_FDISK PARAMETRO_NAME .  ['\n', guion]

    '\n'   reduce using rule 21 (LST_FDISK)
    guion  reduce using rule 21 (LST_FDISK)

state 82 // fdisk guion add asignacion numero guion add asignacion numero ['\n']

   22 LST_FDISK: LST_FDISK PARAMETRO_ADD .  ['\n', guion]

    '\n'   reduce using rule 22 (LST_FDISK)
    guion  reduce using rule 22 (LST_FDISK)

state 83 // rmdisk guion path asignacion rutaCompleja ['\n']

    7 INSTRUCCION: rmdisk PARAMETRO_PATH .  ['\n']

    '\n'  reduce using rule 7 (INSTRUCCION)

state 84 // rmdisk guion

   39 PARAMETRO_PATH: guion . path asignacion VALOR_PATH

    path  shift, and goto state 24

state 85 // mkdisk guion name asignacion archivo ['\n']

    6 INSTRUCCION: mkdisk LST_MKDIS .  ['\n']
   31 LST_MKDIS: LST_MKDIS . PARAMETRO_SIZE
   32 LST_MKDIS: LST_MKDIS . PARAMETRO_PATH
   33 LST_MKDIS: LST_MKDIS . PARAMETRO_NAME
   34 LST_MKDIS: LST_MKDIS . PARAMETRO_UNIT

    '\n'   reduce using rule 6 (INSTRUCCION)
    guion  shift, and goto state 90

    PARAMETRO_NAME  goto state 93
    PARAMETRO_PATH  goto state 92
    PARAMETRO_SIZE  goto state 91
    PARAMETRO_UNIT  goto state 94

state 86 // mkdisk guion size asignacion numero ['\n']

   35 LST_MKDIS: PARAMETRO_SIZE .  ['\n', guion]

    '\n'   reduce using rule 35 (LST_MKDIS)
    guion  reduce using rule 35 (LST_MKDIS)

state 87 // mkdisk guion path asignacion rutaCompleja ['\n']

   36 LST_MKDIS: PARAMETRO_PATH .  ['\n', guion]

    '\n'   reduce using rule 36 (LST_MKDIS)
    guion  reduce using rule 36 (LST_MKDIS)

state 88 // mkdisk guion name asignacion archivo ['\n']

   37 LST_MKDIS: PARAMETRO_NAME .  ['\n', guion]

    '\n'   reduce using rule 37 (LST_MKDIS)
    guion  reduce using rule 37 (LST_MKDIS)

state 89 // mkdisk guion unit asignacion k ['\n']

   38 LST_MKDIS: PARAMETRO_UNIT .  ['\n', guion]

    '\n'   reduce using rule 38 (LST_MKDIS)
    guion  reduce using rule 38 (LST_MKDIS)

state 90 // mkdisk guion

   39 PARAMETRO_PATH: guion . path asignacion VALOR_PATH
   42 PARAMETRO_SIZE: guion . size asignacion numero
   43 PARAMETRO_NAME: guion . name asignacion VALOR_NAME
   47 PARAMETRO_UNIT: guion . unit asignacion VALOR_UNIT

    name  shift, and goto state 25
    path  shift, and goto state 24
    size  shift, and goto state 47
    unit  shift, and goto state 48

state 91 // mkdisk guion name asignacion archivo guion size asignacion numero ['\n']

   31 LST_MKDIS: LST_MKDIS PARAMETRO_SIZE .  ['\n', guion]

    '\n'   reduce using rule 31 (LST_MKDIS)
    guion  reduce using rule 31 (LST_MKDIS)

state 92 // mkdisk guion name asignacion archivo guion path asignacion rutaCompleja ['\n']

   32 LST_MKDIS: LST_MKDIS PARAMETRO_PATH .  ['\n', guion]

    '\n'   reduce using rule 32 (LST_MKDIS)
    guion  reduce using rule 32 (LST_MKDIS)

state 93 // mkdisk guion name asignacion archivo guion name asignacion archivo ['\n']

   33 LST_MKDIS: LST_MKDIS PARAMETRO_NAME .  ['\n', guion]

    '\n'   reduce using rule 33 (LST_MKDIS)
    guion  reduce using rule 33 (LST_MKDIS)

state 94 // mkdisk guion name asignacion archivo guion unit asignacion k ['\n']

   34 LST_MKDIS: LST_MKDIS PARAMETRO_UNIT .  ['\n', guion]

    '\n'   reduce using rule 34 (LST_MKDIS)
    guion  reduce using rule 34 (LST_MKDIS)

state 95 // exec guion path asignacion rutaCompleja ['\n']

    5 INSTRUCCION: exec PARAMETRO_PATH .  ['\n']

    '\n'  reduce using rule 5 (INSTRUCCION)

state 96 // pause '\n'

    3 LISTA_INSTRUCCION: INSTRUCCION '\n' .  [$end, exec, fdisk, mkdisk, mount, pause, rmdisk, unmount]

    $end     reduce using rule 3 (LISTA_INSTRUCCION)
    exec     reduce using rule 3 (LISTA_INSTRUCCION)
    fdisk    reduce using rule 3 (LISTA_INSTRUCCION)
    mkdisk   reduce using rule 3 (LISTA_INSTRUCCION)
    mount    reduce using rule 3 (LISTA_INSTRUCCION)
    pause    reduce using rule 3 (LISTA_INSTRUCCION)
    rmdisk   reduce using rule 3 (LISTA_INSTRUCCION)
    unmount  reduce using rule 3 (LISTA_INSTRUCCION)

state 97 // pause '\n' pause ['\n']

    2 LISTA_INSTRUCCION: LISTA_INSTRUCCION INSTRUCCION . '\n'

    '\n'  shift, and goto state 98

state 98 // pause '\n' pause '\n'

    2 LISTA_INSTRUCCION: LISTA_INSTRUCCION INSTRUCCION '\n' .  [$end, exec, fdisk, mkdisk, mount, pause, rmdisk, unmount]

    $end     reduce using rule 2 (LISTA_INSTRUCCION)
    exec     reduce using rule 2 (LISTA_INSTRUCCION)
    fdisk    reduce using rule 2 (LISTA_INSTRUCCION)
    mkdisk   reduce using rule 2 (LISTA_INSTRUCCION)
    mount    reduce using rule 2 (LISTA_INSTRUCCION)
    pause    reduce using rule 2 (LISTA_INSTRUCCION)
    rmdisk   reduce using rule 2 (LISTA_INSTRUCCION)
    unmount  reduce using rule 2 (LISTA_INSTRUCCION)

